<?xml version="1.0" encoding="UTF-8"?>
<!-- Generated by org.testng.reporters.JUnitReportReporter -->
<testsuite hostname="LAPTOP-2KKCO9Q0" failures="0" tests="1" name="testngSample.DragAndDropPrograme" time="21.431" errors="0" timestamp="2023-01-31T19:40:05 IST" skipped="0">
  <testcase classname="testngSample.DragAndDropPrograme" name="dragAndDrop" time="21.431"/>
  <system-out/>
</testsuite> <!-- testngSample.DragAndDropPrograme -->
