<?xml version="1.0" encoding="UTF-8"?>
<!-- Generated by org.testng.reporters.JUnitReportReporter -->
<testsuite hostname="LAPTOP-2KKCO9Q0" failures="0" tests="2" name="assignmentsSelenium.TableAssignment" time="54.074" errors="0" timestamp="2023-01-31T17:46:32 IST" skipped="0">
  <testcase classname="assignmentsSelenium.TableAssignment" name="verifyTheNewProductAddedIsAvailableInTheTable" time="24.021"/>
  <system-out/>
  <testcase classname="assignmentsSelenium.TableAssignment" name="verifyTheEditFunctionalityOfAddedProduct" time="30.053"/>
  <system-out/>
</testsuite> <!-- assignmentsSelenium.TableAssignment -->
