<?xml version="1.0" encoding="UTF-8"?>
<!-- Generated by org.testng.reporters.JUnitReportReporter -->
<testsuite hostname="LAPTOP-2KKCO9Q0" failures="0" tests="5" name="assignmentsSelenium.MultipleWindowHandlingAssignment" time="74.382" errors="0" timestamp="2023-01-25T23:20:24 IST" skipped="0">
  <testcase classname="assignmentsSelenium.MultipleWindowHandlingAssignment" name="verifyCorrectWindowIsOpenedWhileClickingOpenNewWindowButton" time="14.202"/>
  <system-out/>
  <testcase classname="assignmentsSelenium.MultipleWindowHandlingAssignment" name="verifyTheRegistrationIsSuccessful" time="14.962"/>
  <system-out/>
  <testcase classname="assignmentsSelenium.MultipleWindowHandlingAssignment" name="verifyCorrectWindowIsOpenedWhileClickingOpenNewTabButton" time="15.263"/>
  <system-out/>
  <testcase classname="assignmentsSelenium.MultipleWindowHandlingAssignment" name="verifySimpleAlertIsAcceptedWhileClickingFirstClickMeButton" time="13.816"/>
  <system-out/>
  <testcase classname="assignmentsSelenium.MultipleWindowHandlingAssignment" name="verifyThePropmtAlertIsAcceptedWhileClickingThirdClickMeButton" time="16.139"/>
  <system-out/>
</testsuite> <!-- assignmentsSelenium.MultipleWindowHandlingAssignment -->
