<?xml version="1.0" encoding="UTF-8"?>
<!-- Generated by org.testng.reporters.JUnitReportReporter -->
<testsuite hostname="LAPTOP-2KKCO9Q0" failures="0" tests="1" name="testngSample.IframeHandling" time="67.927" errors="0" timestamp="2023-01-27T19:45:20 IST" skipped="0">
  <testcase classname="testngSample.IframeHandling" name="verifyTheCorrectWebPageIsLoadingByClickingAnIframe" time="67.927"/>
  <system-out/>
</testsuite> <!-- testngSample.IframeHandling -->
