<?xml version="1.0" encoding="UTF-8"?>
<!-- Generated by org.testng.reporters.JUnitReportReporter -->
<testsuite hostname="LAPTOP-2KKCO9Q0" failures="0" tests="2" name="testngSample.Prgm3" time="24.972" errors="0" timestamp="2023-01-14T12:55:53 IST" skipped="0">
  <testcase classname="testngSample.Prgm3" name="verifyTheRadioButtonDemoIsClickable" time="15.895"/>
  <system-out/>
  <testcase classname="testngSample.Prgm3" name="navigationToOtherUrl" time="9.077"/>
  <system-out/>
</testsuite> <!-- testngSample.Prgm3 -->
