<?xml version="1.0" encoding="UTF-8"?>
<!-- Generated by org.testng.reporters.JUnitReportReporter -->
<testsuite hostname="LAPTOP-2KKCO9Q0" failures="0" tests="3" name="testngSample.BrowserCommandTestng" time="66.173" errors="0" timestamp="2023-01-14T10:23:07 IST" skipped="0">
  <testcase classname="testngSample.BrowserCommandTestng" name="verifyTheUrl" time="54.929"/>
  <system-out/>
  <testcase classname="testngSample.BrowserCommandTestng" name="verifyNavigationtoinputform" time="5.474"/>
  <system-out/>
  <testcase classname="testngSample.BrowserCommandTestng" name="verifyTheTitleOfPage" time="5.770"/>
  <system-out/>
</testsuite> <!-- testngSample.BrowserCommandTestng -->
