<?xml version="1.0" encoding="UTF-8"?>
<!-- Generated by org.testng.reporters.JUnitReportReporter -->
<testsuite hostname="LAPTOP-2KKCO9Q0" failures="0" tests="4" name="assignmentsSelenium.AssignmentPrgm3" time="47.186" errors="0" timestamp="2023-01-22T15:56:24 IST" skipped="0">
  <testcase classname="assignmentsSelenium.AssignmentPrgm3" name="verifySuccessfulLogin" time="10.503"/>
  <system-out/>
  <testcase classname="assignmentsSelenium.AssignmentPrgm3" name="verifyUnsuccessfulLogin" time="13.888"/>
  <system-out/>
  <testcase classname="assignmentsSelenium.AssignmentPrgm3" name="verifyTheDashboardPageIsDisplayedAfterLogin" time="8.651"/>
  <system-out/>
  <testcase classname="assignmentsSelenium.AssignmentPrgm3" name="verifyTheCreationOfNewClient" time="14.144"/>
  <system-out/>
</testsuite> <!-- assignmentsSelenium.AssignmentPrgm3 -->
