<?xml version="1.0" encoding="UTF-8"?>
<!-- Generated by org.testng.reporters.JUnitReportReporter -->
<testsuite hostname="LAPTOP-2KKCO9Q0" failures="0" tests="5" name="testngSample.DataProviderClass" time="0.057" errors="0" timestamp="2023-02-09T11:35:54 IST" skipped="0">
  <testcase classname="testngSample.DataProviderClass" name="multiplicatio" time="0.039"/>
  <system-out/>
  <testcase classname="testngSample.DataProviderClass" name="sumOfIntegers" time="0.006"/>
  <system-out/>
  <testcase classname="testngSample.DataProviderClass" name="sumOfIntegers" time="0.006"/>
  <system-out/>
  <testcase classname="testngSample.DataProviderClass" name="subtract" time="0.003"/>
  <system-out/>
  <testcase classname="testngSample.DataProviderClass" name="subtract" time="0.003"/>
  <system-out/>
</testsuite> <!-- testngSample.DataProviderClass -->
