<?xml version="1.0" encoding="UTF-8"?>
<!-- Generated by org.testng.reporters.JUnitReportReporter -->
<testsuite hostname="LAPTOP-2KKCO9Q0" failures="0" tests="1" name="testngSample.FileUploading" time="86.486" errors="0" timestamp="2023-01-23T11:43:53 IST" skipped="0">
  <testcase classname="testngSample.FileUploading" name="fileUploadUsingRobotClass" time="86.486"/>
  <system-out/>
</testsuite> <!-- testngSample.FileUploading -->
