<?xml version="1.0" encoding="UTF-8"?>
<!-- Generated by org.testng.reporters.JUnitReportReporter -->
<testsuite hostname="LAPTOP-2KKCO9Q0" failures="0" tests="3" name="testngSample.NavCommandTestng" time="34.690" errors="0" timestamp="2023-01-14T11:52:14 IST" skipped="0">
  <testcase classname="testngSample.NavCommandTestng" name="verifyNavigationBack" time="7.936"/>
  <system-out/>
  <testcase classname="testngSample.NavCommandTestng" name="verifyNavigationForward" time="13.657"/>
  <system-out/>
  <testcase classname="testngSample.NavCommandTestng" name="verifyNavigationToOtherUrl" time="13.097"/>
  <system-out/>
</testsuite> <!-- testngSample.NavCommandTestng -->
