<?xml version="1.0" encoding="UTF-8"?>
<!-- Generated by org.testng.reporters.JUnitReportReporter -->
<testsuite hostname="LAPTOP-2KKCO9Q0" failures="0" tests="1" name="testngSample.MultipleWindowHandles" time="140.489" errors="0" timestamp="2023-01-26T10:28:13 IST" skipped="0">
  <testcase classname="testngSample.MultipleWindowHandles" name="mutltipleWindowHandling" time="140.489"/>
  <system-out/>
</testsuite> <!-- testngSample.MultipleWindowHandles -->
