<?xml version="1.0" encoding="UTF-8"?>
<!-- Generated by org.testng.reporters.JUnitReportReporter -->
<testsuite hostname="LAPTOP-2KKCO9Q0" failures="0" tests="1" name="assignmentsSelenium.AssignmentPrgm2" time="12.119" errors="0" timestamp="2023-01-21T21:47:27 IST" skipped="0">
  <testcase classname="assignmentsSelenium.AssignmentPrgm2" name="alertHandling" time="12.119"/>
  <system-out/>
</testsuite> <!-- assignmentsSelenium.AssignmentPrgm2 -->
