<?xml version="1.0" encoding="UTF-8"?>
<!-- Generated by org.testng.reporters.JUnitReportReporter -->
<testsuite hostname="LAPTOP-2KKCO9Q0" failures="0" tests="1" name="testngSample.DropdownTestng" time="13.263" errors="0" timestamp="2023-01-14T13:15:38 IST" skipped="0">
  <testcase classname="testngSample.DropdownTestng" name="selectRedColorFromTheColorDropDown" time="13.263"/>
  <system-out/>
</testsuite> <!-- testngSample.DropdownTestng -->
