<?xml version="1.0" encoding="UTF-8"?>
<!-- Generated by org.testng.reporters.JUnitReportReporter -->
<testsuite hostname="LAPTOP-2KKCO9Q0" failures="0" tests="1" name="assignmentsSelenium.AsignmentPrgm1" time="20.242" errors="0" timestamp="2023-01-25T21:04:49 IST" skipped="0">
  <testcase classname="assignmentsSelenium.AsignmentPrgm1" name="verifyTheSearchFunctionality" time="20.242"/>
  <system-out/>
</testsuite> <!-- assignmentsSelenium.AsignmentPrgm1 -->
