<?xml version="1.0" encoding="UTF-8"?>
<!-- Generated by org.testng.reporters.JUnitReportReporter -->
<testsuite hostname="LAPTOP-2KKCO9Q0" failures="0" tests="1" name="testngSample.AssertionSample" time="52.354" errors="0" timestamp="2023-01-17T12:09:30 IST" skipped="0">
  <testcase classname="testngSample.AssertionSample" name="selectRedColorFromTheColorDropDown" time="52.354"/>
  <system-out/>
</testsuite> <!-- testngSample.AssertionSample -->
