<?xml version="1.0" encoding="UTF-8"?>
<!-- Generated by org.testng.reporters.JUnitReportReporter -->
<testsuite hostname="LAPTOP-2KKCO9Q0" failures="0" tests="1" name="testngSample.KeyBoardAndMouseHandling" time="15.712" errors="0" timestamp="2023-01-31T19:10:36 IST" skipped="0">
  <testcase classname="testngSample.KeyBoardAndMouseHandling" name="mouseHandling" time="15.712"/>
  <system-out/>
</testsuite> <!-- testngSample.KeyBoardAndMouseHandling -->
