<?xml version="1.0" encoding="UTF-8"?>
<!-- Generated by org.testng.reporters.JUnitReportReporter -->
<testsuite hostname="LAPTOP-2KKCO9Q0" failures="0" tests="2" name="testngSample.Prgm4" time="15.647" errors="0" timestamp="2023-01-13T20:39:07 IST" skipped="0">
  <testcase classname="testngSample.Prgm4" name="verifyLogoSize" time="10.177"/>
  <system-out/>
  <testcase classname="testngSample.Prgm4" name="verifyTheHomeOption" time="5.470"/>
  <system-out/>
</testsuite> <!-- testngSample.Prgm4 -->
