<?xml version="1.0" encoding="UTF-8"?>
<!-- Generated by org.testng.reporters.JUnitReportReporter -->
<testsuite hostname="LAPTOP-2KKCO9Q0" failures="0" tests="4" name="testngSample.TestClassForLogin" time="39.855" errors="0" timestamp="2023-02-09T12:18:55 IST" skipped="0">
  <testcase classname="testngSample.TestClassForLogin" name="verifyUnSuccessfulLogin" time="8.565"/>
  <system-out/>
  <testcase classname="testngSample.TestClassForLogin" name="verifyUnSuccessfulLogin" time="7.388"/>
  <system-out/>
  <testcase classname="testngSample.TestClassForLogin" name="verifyUnSuccessfulLogin" time="10.607"/>
  <system-out/>
  <testcase classname="testngSample.TestClassForLogin" name="verifySuccessfulLogin" time="13.295"/>
  <system-out/>
</testsuite> <!-- testngSample.TestClassForLogin -->
