<?xml version="1.0" encoding="UTF-8"?>
<!-- Generated by org.testng.reporters.JUnitReportReporter -->
<testsuite hostname="LAPTOP-2KKCO9Q0" failures="0" tests="1" name="testngSample.WaitaInSelenium" time="19.018" errors="0" timestamp="2023-01-19T11:36:20 IST" skipped="0">
  <testcase classname="testngSample.WaitaInSelenium" name="verifySearchFunctionalityByUsingClientName" time="19.018"/>
  <system-out/>
</testsuite> <!-- testngSample.WaitaInSelenium -->
