<?xml version="1.0" encoding="UTF-8"?>
<!-- Generated by org.testng.reporters.JUnitReportReporter -->
<testsuite hostname="LAPTOP-2KKCO9Q0" failures="0" tests="2" name="testngSample.BasicAnnotations" time="21.965" errors="0" timestamp="2023-01-13T16:29:29 IST" skipped="0">
  <testcase classname="testngSample.BasicAnnotations" name="verifyTheTitleOfPage" time="7.942"/>
  <system-out/>
  <testcase classname="testngSample.BasicAnnotations" name="isLogoDisplayerOrNot" time="14.023"/>
  <system-out/>
</testsuite> <!-- testngSample.BasicAnnotations -->
