<?xml version="1.0" encoding="UTF-8"?>
<!-- Generated by org.testng.reporters.JUnitReportReporter -->
<testsuite hostname="LAPTOP-2KKCO9Q0" failures="0" tests="1" name="assignmentsSelenium.TestClassAssignment" time="58.085" errors="0" timestamp="2023-02-10T10:18:55 IST" skipped="0">
  <testcase classname="assignmentsSelenium.TestClassAssignment" name="verifySuccessfulLogin" time="58.085"/>
  <system-out/>
</testsuite> <!-- assignmentsSelenium.TestClassAssignment -->
