<?xml version="1.0" encoding="UTF-8"?>
<!-- Generated by org.testng.reporters.JUnitReportReporter -->
<testsuite hostname="LAPTOP-2KKCO9Q0" failures="0" tests="2" name="testngSample.WebElementTestng" time="22.678" errors="0" timestamp="2023-01-14T11:00:33 IST" skipped="0">
  <testcase classname="testngSample.WebElementTestng" name="isInputFormIsClickable" time="9.641"/>
  <system-out/>
  <testcase classname="testngSample.WebElementTestng" name="verifyTheFontFamilyOfInputform" time="13.037"/>
  <system-out/>
</testsuite> <!-- testngSample.WebElementTestng -->
