<?xml version="1.0" encoding="UTF-8"?>
<!-- Generated by org.testng.reporters.JUnitReportReporter -->
<testsuite hostname="LAPTOP-2KKCO9Q0" failures="0" tests="4" name="testngSample.DataProviderTestClass" time="0.059" errors="0" timestamp="2023-02-09T11:44:00 IST" skipped="0">
  <testcase classname="testngSample.DataProviderTestClass" name="subtract" time="0.007"/>
  <system-out/>
  <testcase classname="testngSample.DataProviderTestClass" name="sumOfIntegers" time="0.008"/>
  <system-out/>
  <testcase classname="testngSample.DataProviderTestClass" name="sumOfIntegers" time="0.019"/>
  <system-out/>
  <testcase classname="testngSample.DataProviderTestClass" name="subtract" time="0.025"/>
  <system-out/>
</testsuite> <!-- testngSample.DataProviderTestClass -->
