<?xml version="1.0" encoding="UTF-8"?>
<!-- Generated by org.testng.reporters.JUnitReportReporter -->
<testsuite hostname="LAPTOP-2KKCO9Q0" failures="0" tests="6" name="assignmentsSelenium.AssertionTestng" time="72.338" errors="0" timestamp="2023-01-16T10:57:14 IST" skipped="0">
  <testcase classname="assignmentsSelenium.AssertionTestng" name="verifyTheApplicationCorrectlyOpensByHittingUrl" time="6.135"/>
  <system-out/>
  <testcase classname="assignmentsSelenium.AssertionTestng" name="verifyRegisterLinkIsClickable" time="13.863"/>
  <system-out/>
  <testcase classname="assignmentsSelenium.AssertionTestng" name="verifyTheLogoMercuryToursIsDisplayed" time="7.853"/>
  <system-out/>
  <testcase classname="assignmentsSelenium.AssertionTestng" name="verifyTheOneWayRadioButtonIsSelectedByDefault" time="11.454"/>
  <system-out/>
  <testcase classname="assignmentsSelenium.AssertionTestng" name="verifySignInUsingInvalidUsernameAndPassword" time="12.247"/>
  <system-out/>
  <testcase classname="assignmentsSelenium.AssertionTestng" name="verifySuccessfulSignOn" time="20.786"/>
  <system-out/>
</testsuite> <!-- assignmentsSelenium.AssertionTestng -->
