<?xml version="1.0" encoding="UTF-8"?>
<!-- Generated by org.testng.reporters.JUnitReportReporter -->
<testsuite hostname="LAPTOP-2KKCO9Q0" failures="0" tests="6" name="executeClass.LoginPageTestClass" time="75.778" errors="0" timestamp="2023-02-11T18:13:11 IST" skipped="0">
  <testcase classname="executeClass.LoginPageTestClass" name="verifyUnSuccessfulLogin" time="54.223"/>
  <system-out/>
  <testcase classname="executeClass.LoginPageTestClass" name="verifyUnSuccessfulLogin" time="4.678"/>
  <system-out/>
  <testcase classname="executeClass.LoginPageTestClass" name="verifyUnSuccessfulLogin" time="4.258"/>
  <system-out/>
  <testcase classname="executeClass.LoginPageTestClass" name="verifySuccessfulLogin" time="4.694"/>
  <system-out/>
  <testcase classname="executeClass.LoginPageTestClass" name="verifyRememberMeCheckboxIsSelectedByDefault" time="3.970"/>
  <system-out/>
  <testcase classname="executeClass.LoginPageTestClass" name="verifyTheLoginPageIsDisplayedByLoadingUrl" time="3.955"/>
  <system-out/>
</testsuite> <!-- executeClass.LoginPageTestClass -->
