<?xml version="1.0" encoding="UTF-8"?>
<!-- Generated by org.testng.reporters.JUnitReportReporter -->
<testsuite hostname="LAPTOP-2KKCO9Q0" failures="0" tests="3" name="testngSample.TableXpath" time="28.957" errors="0" timestamp="2023-01-17T10:48:38 IST" skipped="1">
  <testcase classname="testngSample.TableXpath" name="verifySearchFunctionalityByUsingClientName" time="16.903"/>
  <system-out/>
  <testcase classname="testngSample.TableXpath" name="displayClientDetailsOfTom" time="12.054"/>
  <system-out/>
  <testcase classname="testngSample.TableXpath" name="verifySearchFunctionality">
    <skipped/>
  </testcase> <!-- verifySearchFunctionality -->
  <system-out/>
</testsuite> <!-- testngSample.TableXpath -->
